<?xml version="1.0" encoding="UTF-8"?>
<testsuite name="RemoteControlCarTest" tests="3" skipped="0" failures="0" errors="0" timestamp="2022-05-31T23:21:39" hostname="mbp-kolya-2" time="0.148">
  <properties/>
  <testcase name="race" classname="RemoteControlCarTest" time="0.14"/>
  <testcase name="rankCars" classname="RemoteControlCarTest" time="0.0"/>
  <testcase name="ensureCarsAreComparables" classname="RemoteControlCarTest" time="0.006"/>
  <system-out><![CDATA[]]></system-out>
  <system-err><![CDATA[]]></system-err>
</testsuite>
