<?xml version="1.0" encoding="UTF-8"?>
<testsuite name="LanguageListTest" tests="11" skipped="0" failures="0" errors="0" timestamp="2022-05-09T16:06:30" hostname="mbp-kolya-2" time="0.099">
  <properties/>
  <testcase name="addMultipleLanguages" classname="LanguageListTest" time="0.083"/>
  <testcase name="countEmpty" classname="LanguageListTest" time="0.006"/>
  <testcase name="countThree" classname="LanguageListTest" time="0.0"/>
  <testcase name="excitingLanguageListWithKotlin" classname="LanguageListTest" time="0.0"/>
  <testcase name="addOneLanguage" classname="LanguageListTest" time="0.0"/>
  <testcase name="empty" classname="LanguageListTest" time="0.0"/>
  <testcase name="firstLanguage" classname="LanguageListTest" time="0.006"/>
  <testcase name="boringLanguageList" classname="LanguageListTest" time="0.0"/>
  <testcase name="excitingLanguageListWithJava" classname="LanguageListTest" time="0.0"/>
  <testcase name="removeLanguage" classname="LanguageListTest" time="0.0"/>
  <testcase name="nonEmpty" classname="LanguageListTest" time="0.0"/>
  <system-out><![CDATA[LanguageList@55a147cc
]]></system-out>
  <system-err><![CDATA[]]></system-err>
</testsuite>
